Symlinking /home/aitana_viudes/interbotix_ws/devel/include/easy_handeye_msgs/RemoveSampleRequest.h
Symlinking /home/aitana_viudes/interbotix_ws/devel/include/easy_handeye_msgs/ListAlgorithms.h
Symlinking /home/aitana_viudes/interbotix_ws/devel/include/easy_handeye_msgs/EnumerateTargetPosesResponse.h
Symlinking /home/aitana_viudes/interbotix_ws/devel/include/easy_handeye_msgs/TargetPoseList.h
Symlinking /home/aitana_viudes/interbotix_ws/devel/include/easy_handeye_msgs/ListAlgorithmsResponse.h
Symlinking /home/aitana_viudes/interbotix_ws/devel/include/easy_handeye_msgs/ListAlgorithmsRequest.h
Symlinking /home/aitana_viudes/interbotix_ws/devel/include/easy_handeye_msgs/SetAlgorithm.h
Symlinking /home/aitana_viudes/interbotix_ws/devel/include/easy_handeye_msgs/TakeSampleRequest.h
Symlinking /home/aitana_viudes/interbotix_ws/devel/include/easy_handeye_msgs/PlanToSelectedTargetPoseRequest.h
Symlinking /home/aitana_viudes/interbotix_ws/devel/include/easy_handeye_msgs/SetAlgorithmRequest.h
Symlinking /home/aitana_viudes/interbotix_ws/devel/include/easy_handeye_msgs/TakeSample.h
Symlinking /home/aitana_viudes/interbotix_ws/devel/include/easy_handeye_msgs/SelectTargetPose.h
Symlinking /home/aitana_viudes/interbotix_ws/devel/include/easy_handeye_msgs/ComputeCalibrationRequest.h
Symlinking /home/aitana_viudes/interbotix_ws/devel/include/easy_handeye_msgs/SelectTargetPoseResponse.h
Symlinking /home/aitana_viudes/interbotix_ws/devel/include/easy_handeye_msgs/SetAlgorithmResponse.h
Symlinking /home/aitana_viudes/interbotix_ws/devel/include/easy_handeye_msgs/ExecutePlanRequest.h
Symlinking /home/aitana_viudes/interbotix_ws/devel/include/easy_handeye_msgs/PlanToSelectedTargetPoseResponse.h
Symlinking /home/aitana_viudes/interbotix_ws/devel/include/easy_handeye_msgs/EnumerateTargetPoses.h
Symlinking /home/aitana_viudes/interbotix_ws/devel/include/easy_handeye_msgs/RemoveSample.h
Symlinking /home/aitana_viudes/interbotix_ws/devel/include/easy_handeye_msgs/CheckStartingPoseResponse.h
Symlinking /home/aitana_viudes/interbotix_ws/devel/include/easy_handeye_msgs/ComputeCalibration.h
Symlinking /home/aitana_viudes/interbotix_ws/devel/include/easy_handeye_msgs/TakeSampleResponse.h
Symlinking /home/aitana_viudes/interbotix_ws/devel/include/easy_handeye_msgs/SampleList.h
Symlinking /home/aitana_viudes/interbotix_ws/devel/include/easy_handeye_msgs/CheckStartingPose.h
Symlinking /home/aitana_viudes/interbotix_ws/devel/include/easy_handeye_msgs/RemoveSampleResponse.h
Symlinking /home/aitana_viudes/interbotix_ws/devel/include/easy_handeye_msgs/CheckStartingPoseRequest.h
Symlinking /home/aitana_viudes/interbotix_ws/devel/include/easy_handeye_msgs/EnumerateTargetPosesRequest.h
Symlinking /home/aitana_viudes/interbotix_ws/devel/include/easy_handeye_msgs/ExecutePlan.h
Symlinking /home/aitana_viudes/interbotix_ws/devel/include/easy_handeye_msgs/ComputeCalibrationResponse.h
Symlinking /home/aitana_viudes/interbotix_ws/devel/include/easy_handeye_msgs/PlanToSelectedTargetPose.h
Symlinking /home/aitana_viudes/interbotix_ws/devel/include/easy_handeye_msgs/SelectTargetPoseRequest.h
Symlinking /home/aitana_viudes/interbotix_ws/devel/include/easy_handeye_msgs/HandeyeCalibration.h
Symlinking /home/aitana_viudes/interbotix_ws/devel/include/easy_handeye_msgs/ExecutePlanResponse.h
Symlinking /home/aitana_viudes/interbotix_ws/devel/lib/python3/dist-packages/easy_handeye_msgs/__init__.py
Symlinking /home/aitana_viudes/interbotix_ws/devel/lib/python3/dist-packages/easy_handeye_msgs/srv/_RemoveSample.py
Symlinking /home/aitana_viudes/interbotix_ws/devel/lib/python3/dist-packages/easy_handeye_msgs/srv/_CheckStartingPose.py
Symlinking /home/aitana_viudes/interbotix_ws/devel/lib/python3/dist-packages/easy_handeye_msgs/srv/__init__.py
Symlinking /home/aitana_viudes/interbotix_ws/devel/lib/python3/dist-packages/easy_handeye_msgs/srv/_ListAlgorithms.py
Symlinking /home/aitana_viudes/interbotix_ws/devel/lib/python3/dist-packages/easy_handeye_msgs/srv/_ComputeCalibration.py
Symlinking /home/aitana_viudes/interbotix_ws/devel/lib/python3/dist-packages/easy_handeye_msgs/srv/_TakeSample.py
Symlinking /home/aitana_viudes/interbotix_ws/devel/lib/python3/dist-packages/easy_handeye_msgs/srv/_SetAlgorithm.py
Symlinking /home/aitana_viudes/interbotix_ws/devel/lib/python3/dist-packages/easy_handeye_msgs/srv/_ExecutePlan.py
Symlinking /home/aitana_viudes/interbotix_ws/devel/lib/python3/dist-packages/easy_handeye_msgs/srv/_SelectTargetPose.py
Symlinking /home/aitana_viudes/interbotix_ws/devel/lib/python3/dist-packages/easy_handeye_msgs/srv/_EnumerateTargetPoses.py
Symlinking /home/aitana_viudes/interbotix_ws/devel/lib/python3/dist-packages/easy_handeye_msgs/srv/_PlanToSelectedTargetPose.py
Symlinking /home/aitana_viudes/interbotix_ws/devel/lib/python3/dist-packages/easy_handeye_msgs/msg/_HandeyeCalibration.py
Symlinking /home/aitana_viudes/interbotix_ws/devel/lib/python3/dist-packages/easy_handeye_msgs/msg/_TargetPoseList.py
Symlinking /home/aitana_viudes/interbotix_ws/devel/lib/python3/dist-packages/easy_handeye_msgs/msg/_SampleList.py
Symlinking /home/aitana_viudes/interbotix_ws/devel/lib/python3/dist-packages/easy_handeye_msgs/msg/__init__.py
Symlinking /home/aitana_viudes/interbotix_ws/devel/lib/pkgconfig/easy_handeye_msgs.pc
Symlinking /home/aitana_viudes/interbotix_ws/devel/share/gennodejs/ros/easy_handeye_msgs/_index.js
Symlinking /home/aitana_viudes/interbotix_ws/devel/share/gennodejs/ros/easy_handeye_msgs/msg/SampleList.js
Symlinking /home/aitana_viudes/interbotix_ws/devel/share/gennodejs/ros/easy_handeye_msgs/msg/TargetPoseList.js
Symlinking /home/aitana_viudes/interbotix_ws/devel/share/gennodejs/ros/easy_handeye_msgs/msg/HandeyeCalibration.js
Symlinking /home/aitana_viudes/interbotix_ws/devel/share/gennodejs/ros/easy_handeye_msgs/msg/_index.js
Symlinking /home/aitana_viudes/interbotix_ws/devel/share/gennodejs/ros/easy_handeye_msgs/srv/ExecutePlan.js
Symlinking /home/aitana_viudes/interbotix_ws/devel/share/gennodejs/ros/easy_handeye_msgs/srv/RemoveSample.js
Symlinking /home/aitana_viudes/interbotix_ws/devel/share/gennodejs/ros/easy_handeye_msgs/srv/CheckStartingPose.js
Symlinking /home/aitana_viudes/interbotix_ws/devel/share/gennodejs/ros/easy_handeye_msgs/srv/EnumerateTargetPoses.js
Symlinking /home/aitana_viudes/interbotix_ws/devel/share/gennodejs/ros/easy_handeye_msgs/srv/SelectTargetPose.js
Symlinking /home/aitana_viudes/interbotix_ws/devel/share/gennodejs/ros/easy_handeye_msgs/srv/TakeSample.js
Symlinking /home/aitana_viudes/interbotix_ws/devel/share/gennodejs/ros/easy_handeye_msgs/srv/ComputeCalibration.js
Symlinking /home/aitana_viudes/interbotix_ws/devel/share/gennodejs/ros/easy_handeye_msgs/srv/SetAlgorithm.js
Symlinking /home/aitana_viudes/interbotix_ws/devel/share/gennodejs/ros/easy_handeye_msgs/srv/ListAlgorithms.js
Symlinking /home/aitana_viudes/interbotix_ws/devel/share/gennodejs/ros/easy_handeye_msgs/srv/_index.js
Symlinking /home/aitana_viudes/interbotix_ws/devel/share/gennodejs/ros/easy_handeye_msgs/srv/PlanToSelectedTargetPose.js
Symlinking /home/aitana_viudes/interbotix_ws/devel/share/roseus/ros/easy_handeye_msgs/manifest.l
Symlinking /home/aitana_viudes/interbotix_ws/devel/share/roseus/ros/easy_handeye_msgs/msg/SampleList.l
Symlinking /home/aitana_viudes/interbotix_ws/devel/share/roseus/ros/easy_handeye_msgs/msg/TargetPoseList.l
Symlinking /home/aitana_viudes/interbotix_ws/devel/share/roseus/ros/easy_handeye_msgs/msg/HandeyeCalibration.l
Symlinking /home/aitana_viudes/interbotix_ws/devel/share/roseus/ros/easy_handeye_msgs/srv/SetAlgorithm.l
Symlinking /home/aitana_viudes/interbotix_ws/devel/share/roseus/ros/easy_handeye_msgs/srv/PlanToSelectedTargetPose.l
Symlinking /home/aitana_viudes/interbotix_ws/devel/share/roseus/ros/easy_handeye_msgs/srv/SelectTargetPose.l
Symlinking /home/aitana_viudes/interbotix_ws/devel/share/roseus/ros/easy_handeye_msgs/srv/CheckStartingPose.l
Symlinking /home/aitana_viudes/interbotix_ws/devel/share/roseus/ros/easy_handeye_msgs/srv/ExecutePlan.l
Symlinking /home/aitana_viudes/interbotix_ws/devel/share/roseus/ros/easy_handeye_msgs/srv/ListAlgorithms.l
Symlinking /home/aitana_viudes/interbotix_ws/devel/share/roseus/ros/easy_handeye_msgs/srv/ComputeCalibration.l
Symlinking /home/aitana_viudes/interbotix_ws/devel/share/roseus/ros/easy_handeye_msgs/srv/TakeSample.l
Symlinking /home/aitana_viudes/interbotix_ws/devel/share/roseus/ros/easy_handeye_msgs/srv/RemoveSample.l
Symlinking /home/aitana_viudes/interbotix_ws/devel/share/roseus/ros/easy_handeye_msgs/srv/EnumerateTargetPoses.l
Symlinking /home/aitana_viudes/interbotix_ws/devel/share/common-lisp/ros/easy_handeye_msgs/msg/HandeyeCalibration.lisp
Symlinking /home/aitana_viudes/interbotix_ws/devel/share/common-lisp/ros/easy_handeye_msgs/msg/_package_HandeyeCalibration.lisp
Symlinking /home/aitana_viudes/interbotix_ws/devel/share/common-lisp/ros/easy_handeye_msgs/msg/_package.lisp
Symlinking /home/aitana_viudes/interbotix_ws/devel/share/common-lisp/ros/easy_handeye_msgs/msg/easy_handeye_msgs-msg.asd
Symlinking /home/aitana_viudes/interbotix_ws/devel/share/common-lisp/ros/easy_handeye_msgs/msg/SampleList.lisp
Symlinking /home/aitana_viudes/interbotix_ws/devel/share/common-lisp/ros/easy_handeye_msgs/msg/_package_SampleList.lisp
Symlinking /home/aitana_viudes/interbotix_ws/devel/share/common-lisp/ros/easy_handeye_msgs/msg/TargetPoseList.lisp
Symlinking /home/aitana_viudes/interbotix_ws/devel/share/common-lisp/ros/easy_handeye_msgs/msg/_package_TargetPoseList.lisp
Symlinking /home/aitana_viudes/interbotix_ws/devel/share/common-lisp/ros/easy_handeye_msgs/srv/_package_ExecutePlan.lisp
Symlinking /home/aitana_viudes/interbotix_ws/devel/share/common-lisp/ros/easy_handeye_msgs/srv/_package_RemoveSample.lisp
Symlinking /home/aitana_viudes/interbotix_ws/devel/share/common-lisp/ros/easy_handeye_msgs/srv/_package_EnumerateTargetPoses.lisp
Symlinking /home/aitana_viudes/interbotix_ws/devel/share/common-lisp/ros/easy_handeye_msgs/srv/ListAlgorithms.lisp
Symlinking /home/aitana_viudes/interbotix_ws/devel/share/common-lisp/ros/easy_handeye_msgs/srv/_package.lisp
Symlinking /home/aitana_viudes/interbotix_ws/devel/share/common-lisp/ros/easy_handeye_msgs/srv/RemoveSample.lisp
Symlinking /home/aitana_viudes/interbotix_ws/devel/share/common-lisp/ros/easy_handeye_msgs/srv/_package_TakeSample.lisp
Symlinking /home/aitana_viudes/interbotix_ws/devel/share/common-lisp/ros/easy_handeye_msgs/srv/TakeSample.lisp
Symlinking /home/aitana_viudes/interbotix_ws/devel/share/common-lisp/ros/easy_handeye_msgs/srv/_package_SelectTargetPose.lisp
Symlinking /home/aitana_viudes/interbotix_ws/devel/share/common-lisp/ros/easy_handeye_msgs/srv/ExecutePlan.lisp
Symlinking /home/aitana_viudes/interbotix_ws/devel/share/common-lisp/ros/easy_handeye_msgs/srv/CheckStartingPose.lisp
Symlinking /home/aitana_viudes/interbotix_ws/devel/share/common-lisp/ros/easy_handeye_msgs/srv/_package_ComputeCalibration.lisp
Symlinking /home/aitana_viudes/interbotix_ws/devel/share/common-lisp/ros/easy_handeye_msgs/srv/_package_ListAlgorithms.lisp
Symlinking /home/aitana_viudes/interbotix_ws/devel/share/common-lisp/ros/easy_handeye_msgs/srv/_package_PlanToSelectedTargetPose.lisp
Symlinking /home/aitana_viudes/interbotix_ws/devel/share/common-lisp/ros/easy_handeye_msgs/srv/ComputeCalibration.lisp
Symlinking /home/aitana_viudes/interbotix_ws/devel/share/common-lisp/ros/easy_handeye_msgs/srv/easy_handeye_msgs-srv.asd
Symlinking /home/aitana_viudes/interbotix_ws/devel/share/common-lisp/ros/easy_handeye_msgs/srv/SetAlgorithm.lisp
Symlinking /home/aitana_viudes/interbotix_ws/devel/share/common-lisp/ros/easy_handeye_msgs/srv/PlanToSelectedTargetPose.lisp
Symlinking /home/aitana_viudes/interbotix_ws/devel/share/common-lisp/ros/easy_handeye_msgs/srv/SelectTargetPose.lisp
Symlinking /home/aitana_viudes/interbotix_ws/devel/share/common-lisp/ros/easy_handeye_msgs/srv/EnumerateTargetPoses.lisp
Symlinking /home/aitana_viudes/interbotix_ws/devel/share/common-lisp/ros/easy_handeye_msgs/srv/_package_SetAlgorithm.lisp
Symlinking /home/aitana_viudes/interbotix_ws/devel/share/common-lisp/ros/easy_handeye_msgs/srv/_package_CheckStartingPose.lisp
Symlinking /home/aitana_viudes/interbotix_ws/devel/share/easy_handeye_msgs/cmake/easy_handeye_msgsConfig-version.cmake
Symlinking /home/aitana_viudes/interbotix_ws/devel/share/easy_handeye_msgs/cmake/easy_handeye_msgsConfig.cmake
Symlinking /home/aitana_viudes/interbotix_ws/devel/share/easy_handeye_msgs/cmake/easy_handeye_msgs-msg-extras.cmake
Symlinking /home/aitana_viudes/interbotix_ws/devel/share/easy_handeye_msgs/cmake/easy_handeye_msgs-msg-paths.cmake
