Symlinking /home/aitana_viudes/interbotix_ws/devel/include/interbotix_perception_modules/FilterParams.h
Symlinking /home/aitana_viudes/interbotix_ws/devel/include/interbotix_perception_modules/ClusterInfo.h
Symlinking /home/aitana_viudes/interbotix_ws/devel/include/interbotix_perception_modules/ClusterInfoArrayResponse.h
Symlinking /home/aitana_viudes/interbotix_ws/devel/include/interbotix_perception_modules/ClusterInfoArray.h
Symlinking /home/aitana_viudes/interbotix_ws/devel/include/interbotix_perception_modules/FilterParamsRequest.h
Symlinking /home/aitana_viudes/interbotix_ws/devel/include/interbotix_perception_modules/FilterParamsResponse.h
Symlinking /home/aitana_viudes/interbotix_ws/devel/include/interbotix_perception_modules/SnapPictureRequest.h
Symlinking /home/aitana_viudes/interbotix_ws/devel/include/interbotix_perception_modules/SnapPicture.h
Symlinking /home/aitana_viudes/interbotix_ws/devel/include/interbotix_perception_modules/ClusterInfoArrayRequest.h
Symlinking /home/aitana_viudes/interbotix_ws/devel/include/interbotix_perception_modules/SnapPictureResponse.h
Symlinking /home/aitana_viudes/interbotix_ws/devel/share/common-lisp/ros/interbotix_perception_modules/msg/ClusterInfo.lisp
Symlinking /home/aitana_viudes/interbotix_ws/devel/share/common-lisp/ros/interbotix_perception_modules/msg/interbotix_perception_modules-msg.asd
Symlinking /home/aitana_viudes/interbotix_ws/devel/share/common-lisp/ros/interbotix_perception_modules/msg/_package_ClusterInfo.lisp
Symlinking /home/aitana_viudes/interbotix_ws/devel/share/common-lisp/ros/interbotix_perception_modules/msg/_package.lisp
Symlinking /home/aitana_viudes/interbotix_ws/devel/share/common-lisp/ros/interbotix_perception_modules/srv/_package.lisp
Symlinking /home/aitana_viudes/interbotix_ws/devel/share/common-lisp/ros/interbotix_perception_modules/srv/FilterParams.lisp
Symlinking /home/aitana_viudes/interbotix_ws/devel/share/common-lisp/ros/interbotix_perception_modules/srv/ClusterInfoArray.lisp
Symlinking /home/aitana_viudes/interbotix_ws/devel/share/common-lisp/ros/interbotix_perception_modules/srv/_package_ClusterInfoArray.lisp
Symlinking /home/aitana_viudes/interbotix_ws/devel/share/common-lisp/ros/interbotix_perception_modules/srv/SnapPicture.lisp
Symlinking /home/aitana_viudes/interbotix_ws/devel/share/common-lisp/ros/interbotix_perception_modules/srv/interbotix_perception_modules-srv.asd
Symlinking /home/aitana_viudes/interbotix_ws/devel/share/common-lisp/ros/interbotix_perception_modules/srv/_package_FilterParams.lisp
Symlinking /home/aitana_viudes/interbotix_ws/devel/share/common-lisp/ros/interbotix_perception_modules/srv/_package_SnapPicture.lisp
Symlinking /home/aitana_viudes/interbotix_ws/devel/share/interbotix_perception_modules/cmake/interbotix_perception_modules-msg-extras.cmake
Symlinking /home/aitana_viudes/interbotix_ws/devel/share/interbotix_perception_modules/cmake/interbotix_perception_modulesConfig.cmake
Symlinking /home/aitana_viudes/interbotix_ws/devel/share/interbotix_perception_modules/cmake/interbotix_perception_modules-msg-paths.cmake
Symlinking /home/aitana_viudes/interbotix_ws/devel/share/interbotix_perception_modules/cmake/interbotix_perception_modulesConfig-version.cmake
Symlinking /home/aitana_viudes/interbotix_ws/devel/share/roseus/ros/interbotix_perception_modules/manifest.l
Symlinking /home/aitana_viudes/interbotix_ws/devel/share/roseus/ros/interbotix_perception_modules/msg/ClusterInfo.l
Symlinking /home/aitana_viudes/interbotix_ws/devel/share/roseus/ros/interbotix_perception_modules/srv/SnapPicture.l
Symlinking /home/aitana_viudes/interbotix_ws/devel/share/roseus/ros/interbotix_perception_modules/srv/FilterParams.l
Symlinking /home/aitana_viudes/interbotix_ws/devel/share/roseus/ros/interbotix_perception_modules/srv/ClusterInfoArray.l
Symlinking /home/aitana_viudes/interbotix_ws/devel/share/gennodejs/ros/interbotix_perception_modules/_index.js
Symlinking /home/aitana_viudes/interbotix_ws/devel/share/gennodejs/ros/interbotix_perception_modules/msg/ClusterInfo.js
Symlinking /home/aitana_viudes/interbotix_ws/devel/share/gennodejs/ros/interbotix_perception_modules/msg/_index.js
Symlinking /home/aitana_viudes/interbotix_ws/devel/share/gennodejs/ros/interbotix_perception_modules/srv/SnapPicture.js
Symlinking /home/aitana_viudes/interbotix_ws/devel/share/gennodejs/ros/interbotix_perception_modules/srv/_index.js
Symlinking /home/aitana_viudes/interbotix_ws/devel/share/gennodejs/ros/interbotix_perception_modules/srv/ClusterInfoArray.js
Symlinking /home/aitana_viudes/interbotix_ws/devel/share/gennodejs/ros/interbotix_perception_modules/srv/FilterParams.js
Symlinking /home/aitana_viudes/interbotix_ws/devel/lib/pkgconfig/interbotix_perception_modules.pc
Symlinking /home/aitana_viudes/interbotix_ws/devel/lib/python3/dist-packages/interbotix_perception_modules/__init__.py
Symlinking /home/aitana_viudes/interbotix_ws/devel/lib/python3/dist-packages/interbotix_perception_modules/srv/_FilterParams.py
Symlinking /home/aitana_viudes/interbotix_ws/devel/lib/python3/dist-packages/interbotix_perception_modules/srv/_SnapPicture.py
Symlinking /home/aitana_viudes/interbotix_ws/devel/lib/python3/dist-packages/interbotix_perception_modules/srv/__init__.py
Symlinking /home/aitana_viudes/interbotix_ws/devel/lib/python3/dist-packages/interbotix_perception_modules/srv/_ClusterInfoArray.py
Symlinking /home/aitana_viudes/interbotix_ws/devel/lib/python3/dist-packages/interbotix_perception_modules/msg/_ClusterInfo.py
Symlinking /home/aitana_viudes/interbotix_ws/devel/lib/python3/dist-packages/interbotix_perception_modules/msg/__init__.py
Symlinking /home/aitana_viudes/interbotix_ws/devel/lib/interbotix_perception_modules/armtag_tuner_gui
Symlinking /home/aitana_viudes/interbotix_ws/devel/lib/interbotix_perception_modules/pointcloud_tuner_gui
Symlinking /home/aitana_viudes/interbotix_ws/devel/lib/interbotix_perception_modules/perception_pipeline
Symlinking /home/aitana_viudes/interbotix_ws/devel/lib/interbotix_perception_modules/static_trans_pub
Symlinking /home/aitana_viudes/interbotix_ws/devel/lib/interbotix_perception_modules/picture_snapper
